<?xml version="1.0" encoding="UTF-8"?>
<!-- Generated by org.testng.reporters.JUnitXMLReporter -->
<testsuite ignored="3" hostname="LAPTOP-RQ2EQQR4" failures="0" tests="1" name="Default test" time="3.496" errors="0" timestamp="2025-05-22T14:19:37 IST">
  <testcase classname="testScript.LoginTest" name="verifyfailureloginwithinvalidcredentials" time="1.023"/>
  <testcase classname="testScript.LoginTest" name="verifyUsercansuccessfullyloginwithvalidcredentials" time="0.0">
    <ignored/>
  </testcase> <!-- verifyUsercansuccessfullyloginwithvalidcredentials -->
  <testcase classname="testScript.LoginTest" name="verifyfailureloginwithinvalidpasswordinvalidusername" time="0.0">
    <ignored/>
  </testcase> <!-- verifyfailureloginwithinvalidpasswordinvalidusername -->
  <testcase classname="testScript.LoginTest" name="verifyfailureloginwithinvalidpasswordvalidusername" time="0.0">
    <ignored/>
  </testcase> <!-- verifyfailureloginwithinvalidpasswordvalidusername -->
</testsuite> <!-- Default test -->
