<?xml version="1.0" encoding="UTF-8"?>
<testng-results ignored="0" total="1" passed="1" failed="0" skipped="0">
  <reporter-output>
  </reporter-output>
  <suite started-at="2025-05-20T13:13:17 IST" name="Default suite" finished-at="2025-05-20T13:13:21 IST" duration-ms="3867">
    <groups>
    </groups>
    <test started-at="2025-05-20T13:13:17 IST" name="Default test" finished-at="2025-05-20T13:13:21 IST" duration-ms="3867">
      <class name="testScript.ManageNewsTest">
        <test-method is-config="true" signature="initializebrowser()[pri:0, instance:testScript.ManageNewsTest@31304f14]" started-at="2025-05-20T13:13:17 IST" name="initializebrowser" finished-at="2025-05-20T13:13:19 IST" duration-ms="2045" status="PASS">
          <reporter-output>
          </reporter-output>
        </test-method> <!-- initializebrowser -->
        <test-method is-config="true" signature="verifyNavigationToManageNews()[pri:0, instance:testScript.ManageNewsTest@31304f14]" started-at="2025-05-20T13:13:19 IST" name="verifyNavigationToManageNews" description="Verify the user able to navigate Manage News Successfully" finished-at="2025-05-20T13:13:21 IST" duration-ms="1200" status="PASS">
          <reporter-output>
          </reporter-output>
        </test-method> <!-- verifyNavigationToManageNews -->
        <test-method signature="verifyAddNewnews()[pri:0, instance:testScript.ManageNewsTest@31304f14]" started-at="2025-05-20T13:13:21 IST" name="verifyAddNewnews" description="Verify the user able to add the new news successfully" finished-at="2025-05-20T13:13:21 IST" duration-ms="587" status="PASS">
          <reporter-output>
          </reporter-output>
        </test-method> <!-- verifyAddNewnews -->
        <test-method is-config="true" signature="driverQuit(org.testng.ITestResult)[pri:0, instance:testScript.ManageNewsTest@31304f14]" started-at="2025-05-20T13:13:21 IST" name="driverQuit" finished-at="2025-05-20T13:13:21 IST" duration-ms="3" status="PASS">
          <params>
            <param index="0">
              <value>
                <![CDATA[[TestResult name=verifyAddNewnews status=SUCCESS method=ManageNewsTest.verifyAddNewnews()[pri:0, instance:testScript.ManageNewsTest@31304f14] output={null}]]]>
              </value>
            </param>
          </params>
          <reporter-output>
          </reporter-output>
        </test-method> <!-- driverQuit -->
      </class> <!-- testScript.ManageNewsTest -->
    </test> <!-- Default test -->
  </suite> <!-- Default suite -->
</testng-results>
